HL   0 127 RGB 255   0   0
HL  20 127 RGB 255 127   0
HL  40 127 RGB 255 255   0
HL  60 127 RGB 128 255   0
HL  80 127 RGB   0 255   0
HL 100 127 RGB   0 255 127
HL 120 127 RGB   0 255 255
HL 140 127 RGB   0 128 255
HL 160 127 RGB   0   0 255
HL 180 127 RGB 127   0 255
HL 200 127 RGB 255   0 255
HL 220 127 RGB 255   0 128
HL   0   0 RGB   0   0   0
HL   0  63 RGB 126   0   0
HL   0 191 RGB 255 126 126
HL   0 255 RGB 255 255 255
HL  80   0 RGB   0   0   0
HL  80 255 RGB 255 255 255
HL 160   0 RGB   0   0   0
HL 160 255 RGB 255 255 255
